
8월 01, 2022 20:17:01.548 NEW SESSION
8월 01, 2022 20:17:01.548 [10116:7620:0801/201701.546:ERROR:device_event_log_impl.cc(214)] [20:17:01.547] Bluetooth: bluetooth_adapter_winrt.cc:1074 Getting Default Adapter failed.
8월 01, 2022 20:17:59.497 [10116:6880:0801/201759.497:ERROR:util.cc(127)] Can't create base directory: C:\Program Files\Google\GoogleUpdater
8월 01, 2022 20:19:04.878 [720:4756:0801/201904.878:ERROR:device_event_log_impl.cc(214)] [20:19:04.885] Bluetooth: bluetooth_adapter_winrt.cc:1074 Getting Default Adapter failed.
8월 01, 2022 20:20:02.830 [720:10780:0801/202002.829:ERROR:util.cc(127)] Can't create base directory: C:\Program Files\Google\GoogleUpdater
8월 01, 2022 20:21:07.889 [14228:14944:0801/202107.889:ERROR:device_event_log_impl.cc(214)] [20:21:07.882] Bluetooth: bluetooth_adapter_winrt.cc:1074 Getting Default Adapter failed.
8월 01, 2022 20:21:36.848 [14228:14944:0801/202136.848:ERROR:interface_endpoint_client.cc(665)] Message 0 rejected by interface blink.mojom.WidgetHost
8월 01, 2022 20:22:05.848 [14228:11692:0801/202205.847:ERROR:util.cc(127)] Can't create base directory: C:\Program Files\Google\GoogleUpdater
8월 01, 2022 20:36:48.272 [6636:12872:0801/203648.272:ERROR:device_event_log_impl.cc(214)] [20:36:48.279] Bluetooth: bluetooth_adapter_winrt.cc:1074 Getting Default Adapter failed.
8월 01, 2022 20:37:46.123 [6636:17168:0801/203746.123:ERROR:util.cc(127)] Can't create base directory: C:\Program Files\Google\GoogleUpdater
8월 01, 2022 21:03:01.193 [6636:12872:0801/210301.193:ERROR:device_event_log_impl.cc(214)] [21:03:01.197] USB: usb_service_win.cc:104 SetupDiGetDeviceProperty({{A45C254E-DF1C-4EFD-8020-67D146A850E0}, 6}) failed: 요소가 없습니다. (0x490)
8월 01, 2022 21:28:13.452 [15564:1504:0801/212813.452:ERROR:device_event_log_impl.cc(214)] [21:28:13.453] Bluetooth: bluetooth_adapter_winrt.cc:1074 Getting Default Adapter failed.
8월 01, 2022 21:29:11.387 [15564:15020:0801/212911.387:ERROR:util.cc(127)] Can't create base directory: C:\Program Files\Google\GoogleUpdater

8월 04, 2022 23:57:32.468 NEW SESSION
8월 04, 2022 23:57:32.468 [5628:4216:0804/235732.467:ERROR:device_event_log_impl.cc(214)] [23:57:32.467] Bluetooth: bluetooth_adapter_winrt.cc:1074 Getting Default Adapter failed.
8월 04, 2022 23:58:52.576 [1636:17496:0804/235852.576:ERROR:device_event_log_impl.cc(214)] [23:58:52.576] Bluetooth: bluetooth_adapter_winrt.cc:1074 Getting Default Adapter failed.
8월 04, 2022 23:59:50.553 [1636:5316:0804/235950.553:ERROR:util.cc(127)] Can't create base directory: C:\Program Files\Google\GoogleUpdater

8월 05, 2022 16:19:42.938 NEW SESSION
8월 05, 2022 16:19:42.938 [12244:10656:0805/161942.936:ERROR:device_event_log_impl.cc(214)] [16:19:42.936] Bluetooth: bluetooth_adapter_winrt.cc:1074 Getting Default Adapter failed.
8월 05, 2022 16:20:39.797 [12244:11524:0805/162039.796:ERROR:util.cc(127)] Can't create base directory: C:\Program Files\Google\GoogleUpdater

8월 05, 2022 17:56:55.788 NEW SESSION
8월 05, 2022 17:56:55.788 [1476:12528:0805/175655.787:ERROR:device_event_log_impl.cc(214)] [17:56:55.788] Bluetooth: bluetooth_adapter_winrt.cc:1074 Getting Default Adapter failed.

8월 06, 2022 20:39:49.905 NEW SESSION
8월 06, 2022 20:39:49.905 [16516:18292:0806/203949.904:ERROR:device_event_log_impl.cc(214)] [20:39:49.903] Bluetooth: bluetooth_adapter_winrt.cc:1074 Getting Default Adapter failed.
8월 06, 2022 20:40:46.897 [16516:12788:0806/204046.896:ERROR:util.cc(127)] Can't create base directory: C:\Program Files\Google\GoogleUpdater
8월 06, 2022 20:44:44.447 [8652:4644:0806/204444.447:ERROR:device_event_log_impl.cc(214)] [20:44:44.448] Bluetooth: bluetooth_adapter_winrt.cc:1074 Getting Default Adapter failed.
8월 06, 2022 20:45:42.439 [8652:13124:0806/204542.439:ERROR:util.cc(127)] Can't create base directory: C:\Program Files\Google\GoogleUpdater
8월 06, 2022 20:54:07.589 [15024:2888:0806/205407.589:ERROR:device_event_log_impl.cc(214)] [20:54:07.589] Bluetooth: bluetooth_adapter_winrt.cc:1074 Getting Default Adapter failed.
8월 06, 2022 20:55:04.575 [15024:10644:0806/205504.574:ERROR:util.cc(127)] Can't create base directory: C:\Program Files\Google\GoogleUpdater
8월 06, 2022 20:59:35.380 [14276:15424:0806/205935.379:ERROR:device_event_log_impl.cc(214)] [20:59:35.379] Bluetooth: bluetooth_adapter_winrt.cc:1074 Getting Default Adapter failed.
8월 06, 2022 21:00:32.363 [14276:3044:0806/210032.363:ERROR:util.cc(127)] Can't create base directory: C:\Program Files\Google\GoogleUpdater

8월 08, 2022 12:59:41.201 NEW SESSION
8월 08, 2022 12:59:41.201 [12524:7236:0808/125941.200:ERROR:device_event_log_impl.cc(214)] [12:59:41.199] Bluetooth: bluetooth_adapter_winrt.cc:1074 Getting Default Adapter failed.
8월 08, 2022 13:00:38.799 [12524:16472:0808/130038.798:ERROR:util.cc(127)] Can't create base directory: C:\Program Files\Google\GoogleUpdater
8월 08, 2022 18:00:38.808 [12524:17964:0808/180038.807:ERROR:util.cc(127)] Can't create base directory: C:\Program Files\Google\GoogleUpdater
8월 08, 2022 19:02:03.951 [12524:7236:0808/190203.950:ERROR:device_event_log_impl.cc(214)] [19:02:03.950] Bluetooth: bluetooth_adapter_winrt.cc:1074 Getting Default Adapter failed.

8월 09, 2022 22:27:20.445 NEW SESSION
8월 09, 2022 22:27:20.446 [5068:17432:0809/222720.443:ERROR:device_event_log_impl.cc(214)] [22:27:20.443] Bluetooth: bluetooth_adapter_winrt.cc:1074 Getting Default Adapter failed.
8월 09, 2022 22:28:18.296 [5068:12872:0809/222818.296:ERROR:util.cc(127)] Can't create base directory: C:\Program Files\Google\GoogleUpdater

8월 10, 2022 20:05:24.300 NEW SESSION
8월 10, 2022 20:05:24.300 [16120:15800:0810/200524.295:ERROR:device_event_log_impl.cc(214)] [20:05:24.294] Bluetooth: bluetooth_adapter_winrt.cc:1074 Getting Default Adapter failed.
8월 10, 2022 20:06:21.20 [16120:8664:0810/200621.019:ERROR:util.cc(127)] Can't create base directory: C:\Program Files\Google\GoogleUpdater
8월 10, 2022 20:13:05.793 [9808:11864:0810/201305.793:ERROR:device_event_log_impl.cc(214)] [20:13:05.794] Bluetooth: bluetooth_adapter_winrt.cc:1074 Getting Default Adapter failed.
8월 10, 2022 20:14:02.518 [9808:12804:0810/201402.517:ERROR:util.cc(127)] Can't create base directory: C:\Program Files\Google\GoogleUpdater

8월 10, 2022 23:31:14.770 NEW SESSION
8월 10, 2022 23:31:14.770 [12172:3176:0810/233114.768:ERROR:device_event_log_impl.cc(214)] [23:31:14.768] Bluetooth: bluetooth_adapter_winrt.cc:1074 Getting Default Adapter failed.
8월 10, 2022 23:32:11.719 [12172:16360:0810/233211.718:ERROR:util.cc(127)] Can't create base directory: C:\Program Files\Google\GoogleUpdater

8월 10, 2022 23:51:36.346 NEW SESSION
8월 10, 2022 23:51:36.346 [12480:4976:0810/235136.343:ERROR:device_event_log_impl.cc(214)] [23:51:36.343] Bluetooth: bluetooth_adapter_winrt.cc:1074 Getting Default Adapter failed.
8월 11, 2022 24:01:08.463 [16584:13788:0811/000108.462:ERROR:device_event_log_impl.cc(214)] [00:01:08.462] Bluetooth: bluetooth_adapter_winrt.cc:1074 Getting Default Adapter failed.
8월 11, 2022 24:02:06.454 [16584:2060:0811/000206.454:ERROR:util.cc(127)] Can't create base directory: C:\Program Files\Google\GoogleUpdater

8월 11, 2022 24:19:23.46 NEW SESSION
8월 11, 2022 24:19:23.47 [11828:7916:0811/001923.045:ERROR:device_event_log_impl.cc(214)] [00:19:23.045] Bluetooth: bluetooth_adapter_winrt.cc:1074 Getting Default Adapter failed.
8월 11, 2022 24:20:20.30 [11828:4488:0811/002020.029:ERROR:util.cc(127)] Can't create base directory: C:\Program Files\Google\GoogleUpdater
